2018-03-03 22:22:57,505 |main                 |ContainerBase                 |F| Add child StandardHost[localhost] StandardEngine[Catalina]
2018-03-03 22:22:57,507 |main                 |LifecycleBase                 |F| Setting state for [StandardServer[8005]] to [INITIALIZING]
2018-03-03 22:22:57,667 |main                 |LifecycleBase                 |F| Setting state for [org.apache.catalina.deploy.NamingResourcesImpl@1c9b0314] to [INITIALIZING]
2018-03-03 22:22:57,670 |main                 |LifecycleBase                 |F| Setting state for [org.apache.catalina.deploy.NamingResourcesImpl@1c9b0314] to [INITIALIZED]
2018-03-03 22:22:57,709 |main                 |LifecycleBase                 |F| Setting state for [StandardService[Catalina]] to [INITIALIZING]
2018-03-03 22:22:57,711 |main                 |LifecycleBase                 |F| Setting state for [StandardEngine[Catalina]] to [INITIALIZING]
2018-03-03 22:22:57,715 |main                 |LifecycleBase                 |F| Setting state for [StandardEngine[Catalina]] to [INITIALIZED]
2018-03-03 22:22:57,715 |main                 |LifecycleBase                 |F| Setting state for [org.apache.catalina.mapper.MapperListener@95e33cc] to [INITIALIZING]
2018-03-03 22:22:57,717 |main                 |LifecycleBase                 |F| Setting state for [org.apache.catalina.mapper.MapperListener@95e33cc] to [INITIALIZED]
2018-03-03 22:22:57,717 |main                 |LifecycleBase                 |F| Setting state for [Connector[HTTP/1.1-8080]] to [INITIALIZING]
2018-03-03 22:22:57,796 |main                 |LifecycleBase                 |F| Setting state for [Connector[HTTP/1.1-8080]] to [INITIALIZED]
2018-03-03 22:22:57,797 |main                 |LifecycleBase                 |F| Setting state for [Connector[AJP/1.3-8009]] to [INITIALIZING]
2018-03-03 22:22:57,800 |main                 |LifecycleBase                 |F| Setting state for [Connector[AJP/1.3-8009]] to [INITIALIZED]
2018-03-03 22:22:57,800 |main                 |LifecycleBase                 |F| Setting state for [StandardService[Catalina]] to [INITIALIZED]
2018-03-03 22:22:57,801 |main                 |LifecycleBase                 |F| Setting state for [StandardServer[8005]] to [INITIALIZED]
2018-03-03 22:22:57,801 |main                 |LifecycleBase                 |F| Setting state for [StandardServer[8005]] to [STARTING_PREP]
2018-03-03 22:22:57,810 |main                 |NamingContextListener         |F| Bound StandardServer[8005]
2018-03-03 22:22:57,820 |main                 |LifecycleBase                 |F| Setting state for [StandardServer[8005]] to [STARTING]
2018-03-03 22:22:57,854 |main                 |LifecycleBase                 |F| Setting state for [org.apache.catalina.deploy.NamingResourcesImpl@1c9b0314] to [STARTING_PREP]
2018-03-03 22:22:57,855 |main                 |LifecycleBase                 |F| Setting state for [org.apache.catalina.deploy.NamingResourcesImpl@1c9b0314] to [STARTING]
2018-03-03 22:22:57,855 |main                 |LifecycleBase                 |F| Setting state for [org.apache.catalina.deploy.NamingResourcesImpl@1c9b0314] to [STARTED]
2018-03-03 22:22:57,855 |main                 |LifecycleBase                 |F| Setting state for [StandardService[Catalina]] to [STARTING_PREP]
2018-03-03 22:22:57,856 |main                 |LifecycleBase                 |F| Setting state for [StandardService[Catalina]] to [STARTING]
2018-03-03 22:22:57,856 |main                 |LifecycleBase                 |F| Setting state for [StandardEngine[Catalina]] to [STARTING_PREP]
2018-03-03 22:22:57,857 |main                 |LifecycleBase                 |F| Setting state for [Realm[LockOutRealm]] to [INITIALIZING]
2018-03-03 22:22:57,858 |main                 |LifecycleBase                 |F| Setting state for [Realm[LockOutRealm]] to [INITIALIZED]
2018-03-03 22:22:57,858 |main                 |LifecycleBase                 |F| Setting state for [Realm[LockOutRealm]] to [STARTING_PREP]
2018-03-03 22:22:57,858 |main                 |LifecycleBase                 |F| Setting state for [Realm[UserDatabaseRealm]] to [INITIALIZING]
2018-03-03 22:22:57,858 |main                 |LifecycleBase                 |F| Setting state for [Realm[UserDatabaseRealm]] to [INITIALIZED]
2018-03-03 22:22:57,859 |main                 |LifecycleBase                 |F| Setting state for [Realm[UserDatabaseRealm]] to [STARTING_PREP]
2018-03-03 22:22:57,860 |main                 |LifecycleBase                 |F| Setting state for [Realm[UserDatabaseRealm]] to [STARTING]
2018-03-03 22:22:57,860 |main                 |LifecycleBase                 |F| Setting state for [Realm[UserDatabaseRealm]] to [STARTED]
2018-03-03 22:22:57,860 |main                 |LifecycleBase                 |F| Setting state for [Realm[LockOutRealm]] to [STARTING]
2018-03-03 22:22:57,860 |main                 |LifecycleBase                 |F| Setting state for [Realm[LockOutRealm]] to [STARTED]
2018-03-03 22:22:57,862 |Catalina-startStop-1 |LifecycleBase                 |F| Setting state for [StandardEngine[Catalina].StandardHost[localhost]] to [INITIALIZING]
2018-03-03 22:22:57,862 |Catalina-startStop-1 |LifecycleBase                 |F| Setting state for [StandardEngine[Catalina].StandardHost[localhost]] to [INITIALIZED]
2018-03-03 22:22:57,862 |Catalina-startStop-1 |LifecycleBase                 |F| Setting state for [StandardEngine[Catalina].StandardHost[localhost]] to [STARTING_PREP]
2018-03-03 22:22:57,864 |Catalina-startStop-1 |LifecycleBase                 |F| Setting state for [Pipeline[StandardEngine[Catalina].StandardHost[localhost]]] to [INITIALIZING]
2018-03-03 22:22:57,864 |Catalina-startStop-1 |LifecycleBase                 |F| Setting state for [Pipeline[StandardEngine[Catalina].StandardHost[localhost]]] to [INITIALIZED]
2018-03-03 22:22:57,864 |Catalina-startStop-1 |LifecycleBase                 |F| Setting state for [Pipeline[StandardEngine[Catalina].StandardHost[localhost]]] to [STARTING_PREP]
2018-03-03 22:22:57,864 |Catalina-startStop-1 |LifecycleBase                 |F| Setting state for [org.apache.catalina.valves.AccessLogValve[localhost]] to [INITIALIZING]
2018-03-03 22:22:57,865 |Catalina-startStop-1 |LifecycleBase                 |F| Setting state for [org.apache.catalina.valves.AccessLogValve[localhost]] to [INITIALIZED]
2018-03-03 22:22:57,865 |Catalina-startStop-1 |LifecycleBase                 |F| Setting state for [org.apache.catalina.valves.AccessLogValve[localhost]] to [STARTING_PREP]
2018-03-03 22:22:57,867 |Catalina-startStop-1 |LifecycleBase                 |F| Setting state for [org.apache.catalina.valves.AccessLogValve[localhost]] to [STARTING]
2018-03-03 22:22:57,867 |Catalina-startStop-1 |LifecycleBase                 |F| Setting state for [org.apache.catalina.valves.AccessLogValve[localhost]] to [STARTED]
2018-03-03 22:22:57,868 |Catalina-startStop-1 |LifecycleBase                 |F| Setting state for [org.apache.catalina.valves.ErrorReportValve[localhost]] to [INITIALIZING]
2018-03-03 22:22:57,868 |Catalina-startStop-1 |LifecycleBase                 |F| Setting state for [org.apache.catalina.valves.ErrorReportValve[localhost]] to [INITIALIZED]
2018-03-03 22:22:57,868 |Catalina-startStop-1 |LifecycleBase                 |F| Setting state for [org.apache.catalina.valves.ErrorReportValve[localhost]] to [STARTING_PREP]
2018-03-03 22:22:57,868 |Catalina-startStop-1 |LifecycleBase                 |F| Setting state for [org.apache.catalina.valves.ErrorReportValve[localhost]] to [STARTING]
2018-03-03 22:22:57,868 |Catalina-startStop-1 |LifecycleBase                 |F| Setting state for [org.apache.catalina.valves.ErrorReportValve[localhost]] to [STARTED]
2018-03-03 22:22:57,868 |Catalina-startStop-1 |LifecycleBase                 |F| Setting state for [org.apache.catalina.core.StandardHostValve[localhost]] to [INITIALIZING]
2018-03-03 22:22:57,869 |Catalina-startStop-1 |LifecycleBase                 |F| Setting state for [org.apache.catalina.core.StandardHostValve[localhost]] to [INITIALIZED]
2018-03-03 22:22:57,869 |Catalina-startStop-1 |LifecycleBase                 |F| Setting state for [org.apache.catalina.core.StandardHostValve[localhost]] to [STARTING_PREP]
2018-03-03 22:22:57,869 |Catalina-startStop-1 |LifecycleBase                 |F| Setting state for [org.apache.catalina.core.StandardHostValve[localhost]] to [STARTING]
2018-03-03 22:22:57,869 |Catalina-startStop-1 |LifecycleBase                 |F| Setting state for [org.apache.catalina.core.StandardHostValve[localhost]] to [STARTED]
2018-03-03 22:22:57,869 |Catalina-startStop-1 |LifecycleBase                 |F| Setting state for [Pipeline[StandardEngine[Catalina].StandardHost[localhost]]] to [STARTING]
2018-03-03 22:22:57,869 |Catalina-startStop-1 |LifecycleBase                 |F| Setting state for [Pipeline[StandardEngine[Catalina].StandardHost[localhost]]] to [STARTED]
2018-03-03 22:22:57,869 |Catalina-startStop-1 |LifecycleBase                 |F| Setting state for [StandardEngine[Catalina].StandardHost[localhost]] to [STARTING]
2018-03-03 22:22:57,876 |ocalhost-startStop-1 |LifecycleListener             |F| Deploying configuration descriptor /project/tomcat-pro/output/build/conf/Catalina/localhost/test.xml
2018-03-03 22:22:57,920 |ocalhost-startStop-1 |ContainerBase                 |F| Add child StandardContext[/test] StandardEngine[Catalina].StandardHost[localhost]
2018-03-03 22:22:57,920 |ocalhost-startStop-1 |LifecycleBase                 |F| Setting state for [StandardEngine[Catalina].StandardHost[localhost].StandardContext[/test]] to [INITIALIZING]
2018-03-03 22:22:57,923 |ocalhost-startStop-1 |LifecycleBase                 |F| Setting state for [StandardEngine[Catalina].StandardHost[localhost].StandardContext[/test]] to [INITIALIZED]
2018-03-03 22:22:57,925 |ocalhost-startStop-1 |ContextConfig                 |F| ContextConfig: Initializing
2018-03-03 22:22:57,925 |ocalhost-startStop-1 |ContextConfig                 |F| Processing context [/test] configuration file [file:/project/tomcat-pro/output/build/conf/context.xml]
2018-03-03 22:22:57,935 |ocalhost-startStop-1 |ContextConfig                 |F| Successfully processed context [/test] configuration file [file:/project/tomcat-pro/output/build/conf/context.xml]
2018-03-03 22:22:57,935 |ocalhost-startStop-1 |ContextConfig                 |F| Processing context [/test] configuration file [file:/project/tomcat-pro/output/build/conf/Catalina/localhost/test.xml]
2018-03-03 22:22:57,974 |ocalhost-startStop-1 |ContextConfig                 |F| Successfully processed context [/test] configuration file [file:/project/tomcat-pro/output/build/conf/Catalina/localhost/test.xml]
2018-03-03 22:22:58,031 |ocalhost-startStop-1 |LifecycleBase                 |F| Setting state for [StandardEngine[Catalina].StandardHost[localhost].StandardContext[/test]] to [STARTING_PREP]
2018-03-03 22:22:58,031 |ocalhost-startStop-1 |ContainerBase                 |F| Starting test
2018-03-03 22:22:58,031 |ocalhost-startStop-1 |ContainerBase                 |F| Configuring default Resources
2018-03-03 22:22:58,057 |ocalhost-startStop-1 |LifecycleBase                 |F| Setting state for [org.apache.catalina.webresources.StandardRoot@b420fbd] to [INITIALIZING]
2018-03-03 22:22:58,062 |ocalhost-startStop-1 |LifecycleBase                 |F| Setting state for [org.apache.catalina.webresources.StandardRoot@b420fbd] to [INITIALIZED]
2018-03-03 22:22:58,063 |ocalhost-startStop-1 |LifecycleBase                 |F| Setting state for [org.apache.catalina.webresources.StandardRoot@b420fbd] to [STARTING_PREP]
2018-03-03 22:22:58,067 |ocalhost-startStop-1 |LifecycleBase                 |F| Setting state for [org.apache.catalina.webresources.DirResourceSet@10376324] to [INITIALIZING]
2018-03-03 22:22:58,071 |ocalhost-startStop-1 |LifecycleBase                 |F| Setting state for [org.apache.catalina.webresources.DirResourceSet@10376324] to [INITIALIZED]
2018-03-03 22:22:58,071 |ocalhost-startStop-1 |LifecycleBase                 |F| Setting state for [org.apache.catalina.webresources.DirResourceSet@10376324] to [STARTING_PREP]
2018-03-03 22:22:58,071 |ocalhost-startStop-1 |LifecycleBase                 |F| Setting state for [org.apache.catalina.webresources.DirResourceSet@10376324] to [STARTING]
2018-03-03 22:22:58,071 |ocalhost-startStop-1 |LifecycleBase                 |F| Setting state for [org.apache.catalina.webresources.DirResourceSet@10376324] to [STARTED]
2018-03-03 22:22:58,085 |ocalhost-startStop-1 |LifecycleBase                 |F| Setting state for [org.apache.catalina.webresources.JarResourceSet@35f7399d] to [INITIALIZING]
2018-03-03 22:22:58,088 |ocalhost-startStop-1 |LifecycleBase                 |F| Setting state for [org.apache.catalina.webresources.JarResourceSet@35f7399d] to [INITIALIZED]
2018-03-03 22:22:58,088 |ocalhost-startStop-1 |LifecycleBase                 |F| Setting state for [org.apache.catalina.webresources.JarResourceSet@35f7399d] to [STARTING_PREP]
2018-03-03 22:22:58,088 |ocalhost-startStop-1 |LifecycleBase                 |F| Setting state for [org.apache.catalina.webresources.JarResourceSet@35f7399d] to [STARTING]
2018-03-03 22:22:58,088 |ocalhost-startStop-1 |LifecycleBase                 |F| Setting state for [org.apache.catalina.webresources.JarResourceSet@35f7399d] to [STARTED]
2018-03-03 22:22:58,088 |ocalhost-startStop-1 |LifecycleBase                 |F| Setting state for [org.apache.catalina.webresources.JarResourceSet@750a7fa5] to [INITIALIZING]
2018-03-03 22:22:58,089 |ocalhost-startStop-1 |LifecycleBase                 |F| Setting state for [org.apache.catalina.webresources.JarResourceSet@750a7fa5] to [INITIALIZED]
2018-03-03 22:22:58,089 |ocalhost-startStop-1 |LifecycleBase                 |F| Setting state for [org.apache.catalina.webresources.JarResourceSet@750a7fa5] to [STARTING_PREP]
2018-03-03 22:22:58,089 |ocalhost-startStop-1 |LifecycleBase                 |F| Setting state for [org.apache.catalina.webresources.JarResourceSet@750a7fa5] to [STARTING]
2018-03-03 22:22:58,089 |ocalhost-startStop-1 |LifecycleBase                 |F| Setting state for [org.apache.catalina.webresources.JarResourceSet@750a7fa5] to [STARTED]
2018-03-03 22:22:58,089 |ocalhost-startStop-1 |LifecycleBase                 |F| Setting state for [org.apache.catalina.webresources.JarResourceSet@699ac0d7] to [INITIALIZING]
2018-03-03 22:22:58,089 |ocalhost-startStop-1 |LifecycleBase                 |F| Setting state for [org.apache.catalina.webresources.JarResourceSet@699ac0d7] to [INITIALIZED]
2018-03-03 22:22:58,089 |ocalhost-startStop-1 |LifecycleBase                 |F| Setting state for [org.apache.catalina.webresources.JarResourceSet@699ac0d7] to [STARTING_PREP]
2018-03-03 22:22:58,089 |ocalhost-startStop-1 |LifecycleBase                 |F| Setting state for [org.apache.catalina.webresources.JarResourceSet@699ac0d7] to [STARTING]
2018-03-03 22:22:58,089 |ocalhost-startStop-1 |LifecycleBase                 |F| Setting state for [org.apache.catalina.webresources.JarResourceSet@699ac0d7] to [STARTED]
2018-03-03 22:22:58,089 |ocalhost-startStop-1 |LifecycleBase                 |F| Setting state for [org.apache.catalina.webresources.JarResourceSet@179351a7] to [INITIALIZING]
2018-03-03 22:22:58,090 |ocalhost-startStop-1 |LifecycleBase                 |F| Setting state for [org.apache.catalina.webresources.JarResourceSet@179351a7] to [INITIALIZED]
2018-03-03 22:22:58,090 |ocalhost-startStop-1 |LifecycleBase                 |F| Setting state for [org.apache.catalina.webresources.JarResourceSet@179351a7] to [STARTING_PREP]
2018-03-03 22:22:58,090 |ocalhost-startStop-1 |LifecycleBase                 |F| Setting state for [org.apache.catalina.webresources.JarResourceSet@179351a7] to [STARTING]
2018-03-03 22:22:58,090 |ocalhost-startStop-1 |LifecycleBase                 |F| Setting state for [org.apache.catalina.webresources.JarResourceSet@179351a7] to [STARTED]
2018-03-03 22:22:58,090 |ocalhost-startStop-1 |LifecycleBase                 |F| Setting state for [org.apache.catalina.webresources.JarResourceSet@22a9be27] to [INITIALIZING]
2018-03-03 22:22:58,091 |ocalhost-startStop-1 |LifecycleBase                 |F| Setting state for [org.apache.catalina.webresources.JarResourceSet@22a9be27] to [INITIALIZED]
2018-03-03 22:22:58,091 |ocalhost-startStop-1 |LifecycleBase                 |F| Setting state for [org.apache.catalina.webresources.JarResourceSet@22a9be27] to [STARTING_PREP]
2018-03-03 22:22:58,091 |ocalhost-startStop-1 |LifecycleBase                 |F| Setting state for [org.apache.catalina.webresources.JarResourceSet@22a9be27] to [STARTING]
2018-03-03 22:22:58,091 |ocalhost-startStop-1 |LifecycleBase                 |F| Setting state for [org.apache.catalina.webresources.JarResourceSet@22a9be27] to [STARTED]
2018-03-03 22:22:58,091 |ocalhost-startStop-1 |LifecycleBase                 |F| Setting state for [org.apache.catalina.webresources.JarResourceSet@7ca256] to [INITIALIZING]
2018-03-03 22:22:58,092 |ocalhost-startStop-1 |LifecycleBase                 |F| Setting state for [org.apache.catalina.webresources.JarResourceSet@7ca256] to [INITIALIZED]
2018-03-03 22:22:58,092 |ocalhost-startStop-1 |LifecycleBase                 |F| Setting state for [org.apache.catalina.webresources.JarResourceSet@7ca256] to [STARTING_PREP]
2018-03-03 22:22:58,092 |ocalhost-startStop-1 |LifecycleBase                 |F| Setting state for [org.apache.catalina.webresources.JarResourceSet@7ca256] to [STARTING]
2018-03-03 22:22:58,092 |ocalhost-startStop-1 |LifecycleBase                 |F| Setting state for [org.apache.catalina.webresources.JarResourceSet@7ca256] to [STARTED]
2018-03-03 22:22:58,092 |ocalhost-startStop-1 |LifecycleBase                 |F| Setting state for [org.apache.catalina.webresources.JarResourceSet@5538878a] to [INITIALIZING]
2018-03-03 22:22:58,092 |ocalhost-startStop-1 |LifecycleBase                 |F| Setting state for [org.apache.catalina.webresources.JarResourceSet@5538878a] to [INITIALIZED]
2018-03-03 22:22:58,092 |ocalhost-startStop-1 |LifecycleBase                 |F| Setting state for [org.apache.catalina.webresources.JarResourceSet@5538878a] to [STARTING_PREP]
2018-03-03 22:22:58,092 |ocalhost-startStop-1 |LifecycleBase                 |F| Setting state for [org.apache.catalina.webresources.JarResourceSet@5538878a] to [STARTING]
2018-03-03 22:22:58,092 |ocalhost-startStop-1 |LifecycleBase                 |F| Setting state for [org.apache.catalina.webresources.JarResourceSet@5538878a] to [STARTED]
2018-03-03 22:22:58,092 |ocalhost-startStop-1 |LifecycleBase                 |F| Setting state for [org.apache.catalina.webresources.JarResourceSet@3ea845b5] to [INITIALIZING]
2018-03-03 22:22:58,093 |ocalhost-startStop-1 |LifecycleBase                 |F| Setting state for [org.apache.catalina.webresources.JarResourceSet@3ea845b5] to [INITIALIZED]
2018-03-03 22:22:58,093 |ocalhost-startStop-1 |LifecycleBase                 |F| Setting state for [org.apache.catalina.webresources.JarResourceSet@3ea845b5] to [STARTING_PREP]
2018-03-03 22:22:58,093 |ocalhost-startStop-1 |LifecycleBase                 |F| Setting state for [org.apache.catalina.webresources.JarResourceSet@3ea845b5] to [STARTING]
2018-03-03 22:22:58,093 |ocalhost-startStop-1 |LifecycleBase                 |F| Setting state for [org.apache.catalina.webresources.JarResourceSet@3ea845b5] to [STARTED]
2018-03-03 22:22:58,093 |ocalhost-startStop-1 |LifecycleBase                 |F| Setting state for [org.apache.catalina.webresources.JarResourceSet@5b63380b] to [INITIALIZING]
2018-03-03 22:22:58,093 |ocalhost-startStop-1 |LifecycleBase                 |F| Setting state for [org.apache.catalina.webresources.JarResourceSet@5b63380b] to [INITIALIZED]
2018-03-03 22:22:58,093 |ocalhost-startStop-1 |LifecycleBase                 |F| Setting state for [org.apache.catalina.webresources.JarResourceSet@5b63380b] to [STARTING_PREP]
2018-03-03 22:22:58,093 |ocalhost-startStop-1 |LifecycleBase                 |F| Setting state for [org.apache.catalina.webresources.JarResourceSet@5b63380b] to [STARTING]
2018-03-03 22:22:58,093 |ocalhost-startStop-1 |LifecycleBase                 |F| Setting state for [org.apache.catalina.webresources.JarResourceSet@5b63380b] to [STARTED]
2018-03-03 22:22:58,094 |ocalhost-startStop-1 |LifecycleBase                 |F| Setting state for [org.apache.catalina.webresources.JarResourceSet@303bd9ca] to [INITIALIZING]
2018-03-03 22:22:58,094 |ocalhost-startStop-1 |LifecycleBase                 |F| Setting state for [org.apache.catalina.webresources.JarResourceSet@303bd9ca] to [INITIALIZED]
2018-03-03 22:22:58,094 |ocalhost-startStop-1 |LifecycleBase                 |F| Setting state for [org.apache.catalina.webresources.JarResourceSet@303bd9ca] to [STARTING_PREP]
2018-03-03 22:22:58,094 |ocalhost-startStop-1 |LifecycleBase                 |F| Setting state for [org.apache.catalina.webresources.JarResourceSet@303bd9ca] to [STARTING]
2018-03-03 22:22:58,094 |ocalhost-startStop-1 |LifecycleBase                 |F| Setting state for [org.apache.catalina.webresources.JarResourceSet@303bd9ca] to [STARTED]
2018-03-03 22:22:58,094 |ocalhost-startStop-1 |LifecycleBase                 |F| Setting state for [org.apache.catalina.webresources.JarResourceSet@f9dc9d6] to [INITIALIZING]
2018-03-03 22:22:58,094 |ocalhost-startStop-1 |LifecycleBase                 |F| Setting state for [org.apache.catalina.webresources.JarResourceSet@f9dc9d6] to [INITIALIZED]
2018-03-03 22:22:58,095 |ocalhost-startStop-1 |LifecycleBase                 |F| Setting state for [org.apache.catalina.webresources.JarResourceSet@f9dc9d6] to [STARTING_PREP]
2018-03-03 22:22:58,095 |ocalhost-startStop-1 |LifecycleBase                 |F| Setting state for [org.apache.catalina.webresources.JarResourceSet@f9dc9d6] to [STARTING]
2018-03-03 22:22:58,095 |ocalhost-startStop-1 |LifecycleBase                 |F| Setting state for [org.apache.catalina.webresources.JarResourceSet@f9dc9d6] to [STARTED]
2018-03-03 22:22:58,095 |ocalhost-startStop-1 |LifecycleBase                 |F| Setting state for [org.apache.catalina.webresources.JarResourceSet@2780b6b4] to [INITIALIZING]
2018-03-03 22:22:58,095 |ocalhost-startStop-1 |LifecycleBase                 |F| Setting state for [org.apache.catalina.webresources.JarResourceSet@2780b6b4] to [INITIALIZED]
2018-03-03 22:22:58,095 |ocalhost-startStop-1 |LifecycleBase                 |F| Setting state for [org.apache.catalina.webresources.JarResourceSet@2780b6b4] to [STARTING_PREP]
2018-03-03 22:22:58,095 |ocalhost-startStop-1 |LifecycleBase                 |F| Setting state for [org.apache.catalina.webresources.JarResourceSet@2780b6b4] to [STARTING]
2018-03-03 22:22:58,095 |ocalhost-startStop-1 |LifecycleBase                 |F| Setting state for [org.apache.catalina.webresources.JarResourceSet@2780b6b4] to [STARTED]
2018-03-03 22:22:58,095 |ocalhost-startStop-1 |LifecycleBase                 |F| Setting state for [org.apache.catalina.webresources.JarResourceSet@89cbd90] to [INITIALIZING]
2018-03-03 22:22:58,096 |ocalhost-startStop-1 |LifecycleBase                 |F| Setting state for [org.apache.catalina.webresources.JarResourceSet@89cbd90] to [INITIALIZED]
2018-03-03 22:22:58,096 |ocalhost-startStop-1 |LifecycleBase                 |F| Setting state for [org.apache.catalina.webresources.JarResourceSet@89cbd90] to [STARTING_PREP]
2018-03-03 22:22:58,096 |ocalhost-startStop-1 |LifecycleBase                 |F| Setting state for [org.apache.catalina.webresources.JarResourceSet@89cbd90] to [STARTING]
2018-03-03 22:22:58,096 |ocalhost-startStop-1 |LifecycleBase                 |F| Setting state for [org.apache.catalina.webresources.JarResourceSet@89cbd90] to [STARTED]
2018-03-03 22:22:58,096 |ocalhost-startStop-1 |LifecycleBase                 |F| Setting state for [org.apache.catalina.webresources.JarResourceSet@776ea458] to [INITIALIZING]
2018-03-03 22:22:58,096 |ocalhost-startStop-1 |LifecycleBase                 |F| Setting state for [org.apache.catalina.webresources.JarResourceSet@776ea458] to [INITIALIZED]
2018-03-03 22:22:58,096 |ocalhost-startStop-1 |LifecycleBase                 |F| Setting state for [org.apache.catalina.webresources.JarResourceSet@776ea458] to [STARTING_PREP]
2018-03-03 22:22:58,096 |ocalhost-startStop-1 |LifecycleBase                 |F| Setting state for [org.apache.catalina.webresources.JarResourceSet@776ea458] to [STARTING]
2018-03-03 22:22:58,096 |ocalhost-startStop-1 |LifecycleBase                 |F| Setting state for [org.apache.catalina.webresources.JarResourceSet@776ea458] to [STARTED]
2018-03-03 22:22:58,096 |ocalhost-startStop-1 |LifecycleBase                 |F| Setting state for [org.apache.catalina.webresources.JarResourceSet@519cad52] to [INITIALIZING]
2018-03-03 22:22:58,097 |ocalhost-startStop-1 |LifecycleBase                 |F| Setting state for [org.apache.catalina.webresources.JarResourceSet@519cad52] to [INITIALIZED]
2018-03-03 22:22:58,097 |ocalhost-startStop-1 |LifecycleBase                 |F| Setting state for [org.apache.catalina.webresources.JarResourceSet@519cad52] to [STARTING_PREP]
2018-03-03 22:22:58,097 |ocalhost-startStop-1 |LifecycleBase                 |F| Setting state for [org.apache.catalina.webresources.JarResourceSet@519cad52] to [STARTING]
2018-03-03 22:22:58,097 |ocalhost-startStop-1 |LifecycleBase                 |F| Setting state for [org.apache.catalina.webresources.JarResourceSet@519cad52] to [STARTED]
2018-03-03 22:22:58,097 |ocalhost-startStop-1 |LifecycleBase                 |F| Setting state for [org.apache.catalina.webresources.JarResourceSet@2301aaa] to [INITIALIZING]
2018-03-03 22:22:58,097 |ocalhost-startStop-1 |LifecycleBase                 |F| Setting state for [org.apache.catalina.webresources.JarResourceSet@2301aaa] to [INITIALIZED]
2018-03-03 22:22:58,097 |ocalhost-startStop-1 |LifecycleBase                 |F| Setting state for [org.apache.catalina.webresources.JarResourceSet@2301aaa] to [STARTING_PREP]
2018-03-03 22:22:58,097 |ocalhost-startStop-1 |LifecycleBase                 |F| Setting state for [org.apache.catalina.webresources.JarResourceSet@2301aaa] to [STARTING]
2018-03-03 22:22:58,097 |ocalhost-startStop-1 |LifecycleBase                 |F| Setting state for [org.apache.catalina.webresources.JarResourceSet@2301aaa] to [STARTED]
2018-03-03 22:22:58,097 |ocalhost-startStop-1 |LifecycleBase                 |F| Setting state for [org.apache.catalina.webresources.JarResourceSet@44fcfbe5] to [INITIALIZING]
2018-03-03 22:22:58,098 |ocalhost-startStop-1 |LifecycleBase                 |F| Setting state for [org.apache.catalina.webresources.JarResourceSet@44fcfbe5] to [INITIALIZED]
2018-03-03 22:22:58,098 |ocalhost-startStop-1 |LifecycleBase                 |F| Setting state for [org.apache.catalina.webresources.JarResourceSet@44fcfbe5] to [STARTING_PREP]
2018-03-03 22:22:58,098 |ocalhost-startStop-1 |LifecycleBase                 |F| Setting state for [org.apache.catalina.webresources.JarResourceSet@44fcfbe5] to [STARTING]
2018-03-03 22:22:58,098 |ocalhost-startStop-1 |LifecycleBase                 |F| Setting state for [org.apache.catalina.webresources.JarResourceSet@44fcfbe5] to [STARTED]
2018-03-03 22:22:58,098 |ocalhost-startStop-1 |LifecycleBase                 |F| Setting state for [org.apache.catalina.webresources.JarResourceSet@7b06819c] to [INITIALIZING]
2018-03-03 22:22:58,099 |ocalhost-startStop-1 |LifecycleBase                 |F| Setting state for [org.apache.catalina.webresources.JarResourceSet@7b06819c] to [INITIALIZED]
2018-03-03 22:22:58,099 |ocalhost-startStop-1 |LifecycleBase                 |F| Setting state for [org.apache.catalina.webresources.JarResourceSet@7b06819c] to [STARTING_PREP]
2018-03-03 22:22:58,099 |ocalhost-startStop-1 |LifecycleBase                 |F| Setting state for [org.apache.catalina.webresources.JarResourceSet@7b06819c] to [STARTING]
2018-03-03 22:22:58,099 |ocalhost-startStop-1 |LifecycleBase                 |F| Setting state for [org.apache.catalina.webresources.JarResourceSet@7b06819c] to [STARTED]
2018-03-03 22:22:58,099 |ocalhost-startStop-1 |LifecycleBase                 |F| Setting state for [org.apache.catalina.webresources.JarResourceSet@d71a8b8] to [INITIALIZING]
2018-03-03 22:22:58,099 |ocalhost-startStop-1 |LifecycleBase                 |F| Setting state for [org.apache.catalina.webresources.JarResourceSet@d71a8b8] to [INITIALIZED]
2018-03-03 22:22:58,099 |ocalhost-startStop-1 |LifecycleBase                 |F| Setting state for [org.apache.catalina.webresources.JarResourceSet@d71a8b8] to [STARTING_PREP]
2018-03-03 22:22:58,099 |ocalhost-startStop-1 |LifecycleBase                 |F| Setting state for [org.apache.catalina.webresources.JarResourceSet@d71a8b8] to [STARTING]
2018-03-03 22:22:58,099 |ocalhost-startStop-1 |LifecycleBase                 |F| Setting state for [org.apache.catalina.webresources.JarResourceSet@d71a8b8] to [STARTED]
2018-03-03 22:22:58,099 |ocalhost-startStop-1 |LifecycleBase                 |F| Setting state for [org.apache.catalina.webresources.JarResourceSet@4590b4c6] to [INITIALIZING]
2018-03-03 22:22:58,100 |ocalhost-startStop-1 |LifecycleBase                 |F| Setting state for [org.apache.catalina.webresources.JarResourceSet@4590b4c6] to [INITIALIZED]
2018-03-03 22:22:58,100 |ocalhost-startStop-1 |LifecycleBase                 |F| Setting state for [org.apache.catalina.webresources.JarResourceSet@4590b4c6] to [STARTING_PREP]
2018-03-03 22:22:58,100 |ocalhost-startStop-1 |LifecycleBase                 |F| Setting state for [org.apache.catalina.webresources.JarResourceSet@4590b4c6] to [STARTING]
2018-03-03 22:22:58,100 |ocalhost-startStop-1 |LifecycleBase                 |F| Setting state for [org.apache.catalina.webresources.JarResourceSet@4590b4c6] to [STARTED]
2018-03-03 22:22:58,100 |ocalhost-startStop-1 |LifecycleBase                 |F| Setting state for [org.apache.catalina.webresources.JarResourceSet@743b14c8] to [INITIALIZING]
2018-03-03 22:22:58,100 |ocalhost-startStop-1 |LifecycleBase                 |F| Setting state for [org.apache.catalina.webresources.JarResourceSet@743b14c8] to [INITIALIZED]
2018-03-03 22:22:58,100 |ocalhost-startStop-1 |LifecycleBase                 |F| Setting state for [org.apache.catalina.webresources.JarResourceSet@743b14c8] to [STARTING_PREP]
2018-03-03 22:22:58,100 |ocalhost-startStop-1 |LifecycleBase                 |F| Setting state for [org.apache.catalina.webresources.JarResourceSet@743b14c8] to [STARTING]
2018-03-03 22:22:58,100 |ocalhost-startStop-1 |LifecycleBase                 |F| Setting state for [org.apache.catalina.webresources.JarResourceSet@743b14c8] to [STARTED]
2018-03-03 22:22:58,100 |ocalhost-startStop-1 |LifecycleBase                 |F| Setting state for [org.apache.catalina.webresources.JarResourceSet@6959e409] to [INITIALIZING]
2018-03-03 22:22:58,101 |ocalhost-startStop-1 |LifecycleBase                 |F| Setting state for [org.apache.catalina.webresources.JarResourceSet@6959e409] to [INITIALIZED]
2018-03-03 22:22:58,101 |ocalhost-startStop-1 |LifecycleBase                 |F| Setting state for [org.apache.catalina.webresources.JarResourceSet@6959e409] to [STARTING_PREP]
2018-03-03 22:22:58,101 |ocalhost-startStop-1 |LifecycleBase                 |F| Setting state for [org.apache.catalina.webresources.JarResourceSet@6959e409] to [STARTING]
2018-03-03 22:22:58,101 |ocalhost-startStop-1 |LifecycleBase                 |F| Setting state for [org.apache.catalina.webresources.JarResourceSet@6959e409] to [STARTED]
2018-03-03 22:22:58,101 |ocalhost-startStop-1 |LifecycleBase                 |F| Setting state for [org.apache.catalina.webresources.JarResourceSet@3c6dc8f6] to [INITIALIZING]
2018-03-03 22:22:58,101 |ocalhost-startStop-1 |LifecycleBase                 |F| Setting state for [org.apache.catalina.webresources.JarResourceSet@3c6dc8f6] to [INITIALIZED]
2018-03-03 22:22:58,101 |ocalhost-startStop-1 |LifecycleBase                 |F| Setting state for [org.apache.catalina.webresources.JarResourceSet@3c6dc8f6] to [STARTING_PREP]
2018-03-03 22:22:58,101 |ocalhost-startStop-1 |LifecycleBase                 |F| Setting state for [org.apache.catalina.webresources.JarResourceSet@3c6dc8f6] to [STARTING]
2018-03-03 22:22:58,102 |ocalhost-startStop-1 |LifecycleBase                 |F| Setting state for [org.apache.catalina.webresources.JarResourceSet@3c6dc8f6] to [STARTED]
2018-03-03 22:22:58,102 |ocalhost-startStop-1 |LifecycleBase                 |F| Setting state for [org.apache.catalina.webresources.JarResourceSet@61362066] to [INITIALIZING]
2018-03-03 22:22:58,102 |ocalhost-startStop-1 |LifecycleBase                 |F| Setting state for [org.apache.catalina.webresources.JarResourceSet@61362066] to [INITIALIZED]
2018-03-03 22:22:58,102 |ocalhost-startStop-1 |LifecycleBase                 |F| Setting state for [org.apache.catalina.webresources.JarResourceSet@61362066] to [STARTING_PREP]
2018-03-03 22:22:58,102 |ocalhost-startStop-1 |LifecycleBase                 |F| Setting state for [org.apache.catalina.webresources.JarResourceSet@61362066] to [STARTING]
2018-03-03 22:22:58,102 |ocalhost-startStop-1 |LifecycleBase                 |F| Setting state for [org.apache.catalina.webresources.JarResourceSet@61362066] to [STARTED]
2018-03-03 22:22:58,102 |ocalhost-startStop-1 |LifecycleBase                 |F| Setting state for [org.apache.catalina.webresources.JarResourceSet@7e9b1955] to [INITIALIZING]
2018-03-03 22:22:58,102 |ocalhost-startStop-1 |LifecycleBase                 |F| Setting state for [org.apache.catalina.webresources.JarResourceSet@7e9b1955] to [INITIALIZED]
2018-03-03 22:22:58,102 |ocalhost-startStop-1 |LifecycleBase                 |F| Setting state for [org.apache.catalina.webresources.JarResourceSet@7e9b1955] to [STARTING_PREP]
2018-03-03 22:22:58,102 |ocalhost-startStop-1 |LifecycleBase                 |F| Setting state for [org.apache.catalina.webresources.JarResourceSet@7e9b1955] to [STARTING]
2018-03-03 22:22:58,103 |ocalhost-startStop-1 |LifecycleBase                 |F| Setting state for [org.apache.catalina.webresources.JarResourceSet@7e9b1955] to [STARTED]
2018-03-03 22:22:58,103 |ocalhost-startStop-1 |LifecycleBase                 |F| Setting state for [org.apache.catalina.webresources.JarResourceSet@54a8f752] to [INITIALIZING]
2018-03-03 22:22:58,103 |ocalhost-startStop-1 |LifecycleBase                 |F| Setting state for [org.apache.catalina.webresources.JarResourceSet@54a8f752] to [INITIALIZED]
2018-03-03 22:22:58,103 |ocalhost-startStop-1 |LifecycleBase                 |F| Setting state for [org.apache.catalina.webresources.JarResourceSet@54a8f752] to [STARTING_PREP]
2018-03-03 22:22:58,103 |ocalhost-startStop-1 |LifecycleBase                 |F| Setting state for [org.apache.catalina.webresources.JarResourceSet@54a8f752] to [STARTING]
2018-03-03 22:22:58,103 |ocalhost-startStop-1 |LifecycleBase                 |F| Setting state for [org.apache.catalina.webresources.JarResourceSet@54a8f752] to [STARTED]
2018-03-03 22:22:58,103 |ocalhost-startStop-1 |LifecycleBase                 |F| Setting state for [org.apache.catalina.webresources.JarResourceSet@773a2d00] to [INITIALIZING]
2018-03-03 22:22:58,103 |ocalhost-startStop-1 |LifecycleBase                 |F| Setting state for [org.apache.catalina.webresources.JarResourceSet@773a2d00] to [INITIALIZED]
2018-03-03 22:22:58,104 |ocalhost-startStop-1 |LifecycleBase                 |F| Setting state for [org.apache.catalina.webresources.JarResourceSet@773a2d00] to [STARTING_PREP]
2018-03-03 22:22:58,104 |ocalhost-startStop-1 |LifecycleBase                 |F| Setting state for [org.apache.catalina.webresources.JarResourceSet@773a2d00] to [STARTING]
2018-03-03 22:22:58,104 |ocalhost-startStop-1 |LifecycleBase                 |F| Setting state for [org.apache.catalina.webresources.JarResourceSet@773a2d00] to [STARTED]
2018-03-03 22:22:58,104 |ocalhost-startStop-1 |LifecycleBase                 |F| Setting state for [org.apache.catalina.webresources.JarResourceSet@49488581] to [INITIALIZING]
2018-03-03 22:22:58,104 |ocalhost-startStop-1 |LifecycleBase                 |F| Setting state for [org.apache.catalina.webresources.JarResourceSet@49488581] to [INITIALIZED]
2018-03-03 22:22:58,104 |ocalhost-startStop-1 |LifecycleBase                 |F| Setting state for [org.apache.catalina.webresources.JarResourceSet@49488581] to [STARTING_PREP]
2018-03-03 22:22:58,104 |ocalhost-startStop-1 |LifecycleBase                 |F| Setting state for [org.apache.catalina.webresources.JarResourceSet@49488581] to [STARTING]
2018-03-03 22:22:58,104 |ocalhost-startStop-1 |LifecycleBase                 |F| Setting state for [org.apache.catalina.webresources.JarResourceSet@49488581] to [STARTED]
2018-03-03 22:22:58,104 |ocalhost-startStop-1 |LifecycleBase                 |F| Setting state for [org.apache.catalina.webresources.JarResourceSet@120255] to [INITIALIZING]
2018-03-03 22:22:58,105 |ocalhost-startStop-1 |LifecycleBase                 |F| Setting state for [org.apache.catalina.webresources.JarResourceSet@120255] to [INITIALIZED]
2018-03-03 22:22:58,105 |ocalhost-startStop-1 |LifecycleBase                 |F| Setting state for [org.apache.catalina.webresources.JarResourceSet@120255] to [STARTING_PREP]
2018-03-03 22:22:58,105 |ocalhost-startStop-1 |LifecycleBase                 |F| Setting state for [org.apache.catalina.webresources.JarResourceSet@120255] to [STARTING]
2018-03-03 22:22:58,105 |ocalhost-startStop-1 |LifecycleBase                 |F| Setting state for [org.apache.catalina.webresources.JarResourceSet@120255] to [STARTED]
2018-03-03 22:22:58,105 |ocalhost-startStop-1 |LifecycleBase                 |F| Setting state for [org.apache.catalina.webresources.JarResourceSet@29dbb0e3] to [INITIALIZING]
2018-03-03 22:22:58,105 |ocalhost-startStop-1 |LifecycleBase                 |F| Setting state for [org.apache.catalina.webresources.JarResourceSet@29dbb0e3] to [INITIALIZED]
2018-03-03 22:22:58,106 |ocalhost-startStop-1 |LifecycleBase                 |F| Setting state for [org.apache.catalina.webresources.JarResourceSet@29dbb0e3] to [STARTING_PREP]
2018-03-03 22:22:58,106 |ocalhost-startStop-1 |LifecycleBase                 |F| Setting state for [org.apache.catalina.webresources.JarResourceSet@29dbb0e3] to [STARTING]
2018-03-03 22:22:58,106 |ocalhost-startStop-1 |LifecycleBase                 |F| Setting state for [org.apache.catalina.webresources.JarResourceSet@29dbb0e3] to [STARTED]
2018-03-03 22:22:58,106 |ocalhost-startStop-1 |LifecycleBase                 |F| Setting state for [org.apache.catalina.webresources.JarResourceSet@727f986a] to [INITIALIZING]
2018-03-03 22:22:58,106 |ocalhost-startStop-1 |LifecycleBase                 |F| Setting state for [org.apache.catalina.webresources.JarResourceSet@727f986a] to [INITIALIZED]
2018-03-03 22:22:58,106 |ocalhost-startStop-1 |LifecycleBase                 |F| Setting state for [org.apache.catalina.webresources.JarResourceSet@727f986a] to [STARTING_PREP]
2018-03-03 22:22:58,106 |ocalhost-startStop-1 |LifecycleBase                 |F| Setting state for [org.apache.catalina.webresources.JarResourceSet@727f986a] to [STARTING]
2018-03-03 22:22:58,106 |ocalhost-startStop-1 |LifecycleBase                 |F| Setting state for [org.apache.catalina.webresources.JarResourceSet@727f986a] to [STARTED]
2018-03-03 22:22:58,106 |ocalhost-startStop-1 |LifecycleBase                 |F| Setting state for [org.apache.catalina.webresources.JarResourceSet@4c44aa08] to [INITIALIZING]
2018-03-03 22:22:58,107 |ocalhost-startStop-1 |LifecycleBase                 |F| Setting state for [org.apache.catalina.webresources.JarResourceSet@4c44aa08] to [INITIALIZED]
2018-03-03 22:22:58,107 |ocalhost-startStop-1 |LifecycleBase                 |F| Setting state for [org.apache.catalina.webresources.JarResourceSet@4c44aa08] to [STARTING_PREP]
2018-03-03 22:22:58,107 |ocalhost-startStop-1 |LifecycleBase                 |F| Setting state for [org.apache.catalina.webresources.JarResourceSet@4c44aa08] to [STARTING]
2018-03-03 22:22:58,107 |ocalhost-startStop-1 |LifecycleBase                 |F| Setting state for [org.apache.catalina.webresources.JarResourceSet@4c44aa08] to [STARTED]
2018-03-03 22:22:58,107 |ocalhost-startStop-1 |LifecycleBase                 |F| Setting state for [org.apache.catalina.webresources.JarResourceSet@3bf2f882] to [INITIALIZING]
2018-03-03 22:22:58,107 |ocalhost-startStop-1 |LifecycleBase                 |F| Setting state for [org.apache.catalina.webresources.JarResourceSet@3bf2f882] to [INITIALIZED]
2018-03-03 22:22:58,107 |ocalhost-startStop-1 |LifecycleBase                 |F| Setting state for [org.apache.catalina.webresources.JarResourceSet@3bf2f882] to [STARTING_PREP]
2018-03-03 22:22:58,107 |ocalhost-startStop-1 |LifecycleBase                 |F| Setting state for [org.apache.catalina.webresources.JarResourceSet@3bf2f882] to [STARTING]
2018-03-03 22:22:58,107 |ocalhost-startStop-1 |LifecycleBase                 |F| Setting state for [org.apache.catalina.webresources.JarResourceSet@3bf2f882] to [STARTED]
2018-03-03 22:22:58,108 |ocalhost-startStop-1 |LifecycleBase                 |F| Setting state for [org.apache.catalina.webresources.JarResourceSet@25705965] to [INITIALIZING]
2018-03-03 22:22:58,108 |ocalhost-startStop-1 |LifecycleBase                 |F| Setting state for [org.apache.catalina.webresources.JarResourceSet@25705965] to [INITIALIZED]
2018-03-03 22:22:58,108 |ocalhost-startStop-1 |LifecycleBase                 |F| Setting state for [org.apache.catalina.webresources.JarResourceSet@25705965] to [STARTING_PREP]
2018-03-03 22:22:58,108 |ocalhost-startStop-1 |LifecycleBase                 |F| Setting state for [org.apache.catalina.webresources.JarResourceSet@25705965] to [STARTING]
2018-03-03 22:22:58,108 |ocalhost-startStop-1 |LifecycleBase                 |F| Setting state for [org.apache.catalina.webresources.JarResourceSet@25705965] to [STARTED]
2018-03-03 22:22:58,108 |ocalhost-startStop-1 |LifecycleBase                 |F| Setting state for [org.apache.catalina.webresources.JarResourceSet@216c9a72] to [INITIALIZING]
2018-03-03 22:22:58,108 |ocalhost-startStop-1 |LifecycleBase                 |F| Setting state for [org.apache.catalina.webresources.JarResourceSet@216c9a72] to [INITIALIZED]
2018-03-03 22:22:58,108 |ocalhost-startStop-1 |LifecycleBase                 |F| Setting state for [org.apache.catalina.webresources.JarResourceSet@216c9a72] to [STARTING_PREP]
2018-03-03 22:22:58,108 |ocalhost-startStop-1 |LifecycleBase                 |F| Setting state for [org.apache.catalina.webresources.JarResourceSet@216c9a72] to [STARTING]
2018-03-03 22:22:58,109 |ocalhost-startStop-1 |LifecycleBase                 |F| Setting state for [org.apache.catalina.webresources.JarResourceSet@216c9a72] to [STARTED]
2018-03-03 22:22:58,109 |ocalhost-startStop-1 |LifecycleBase                 |F| Setting state for [org.apache.catalina.webresources.JarResourceSet@43262b5b] to [INITIALIZING]
2018-03-03 22:22:58,109 |ocalhost-startStop-1 |LifecycleBase                 |F| Setting state for [org.apache.catalina.webresources.JarResourceSet@43262b5b] to [INITIALIZED]
2018-03-03 22:22:58,109 |ocalhost-startStop-1 |LifecycleBase                 |F| Setting state for [org.apache.catalina.webresources.JarResourceSet@43262b5b] to [STARTING_PREP]
2018-03-03 22:22:58,109 |ocalhost-startStop-1 |LifecycleBase                 |F| Setting state for [org.apache.catalina.webresources.JarResourceSet@43262b5b] to [STARTING]
2018-03-03 22:22:58,110 |ocalhost-startStop-1 |LifecycleBase                 |F| Setting state for [org.apache.catalina.webresources.JarResourceSet@43262b5b] to [STARTED]
2018-03-03 22:22:58,110 |ocalhost-startStop-1 |LifecycleBase                 |F| Setting state for [org.apache.catalina.webresources.JarResourceSet@81f0765] to [INITIALIZING]
2018-03-03 22:22:58,110 |ocalhost-startStop-1 |LifecycleBase                 |F| Setting state for [org.apache.catalina.webresources.JarResourceSet@81f0765] to [INITIALIZED]
2018-03-03 22:22:58,110 |ocalhost-startStop-1 |LifecycleBase                 |F| Setting state for [org.apache.catalina.webresources.JarResourceSet@81f0765] to [STARTING_PREP]
2018-03-03 22:22:58,110 |ocalhost-startStop-1 |LifecycleBase                 |F| Setting state for [org.apache.catalina.webresources.JarResourceSet@81f0765] to [STARTING]
2018-03-03 22:22:58,110 |ocalhost-startStop-1 |LifecycleBase                 |F| Setting state for [org.apache.catalina.webresources.JarResourceSet@81f0765] to [STARTED]
2018-03-03 22:22:58,110 |ocalhost-startStop-1 |LifecycleBase                 |F| Setting state for [org.apache.catalina.webresources.JarResourceSet@4881993d] to [INITIALIZING]
2018-03-03 22:22:58,111 |ocalhost-startStop-1 |LifecycleBase                 |F| Setting state for [org.apache.catalina.webresources.JarResourceSet@4881993d] to [INITIALIZED]
2018-03-03 22:22:58,111 |ocalhost-startStop-1 |LifecycleBase                 |F| Setting state for [org.apache.catalina.webresources.JarResourceSet@4881993d] to [STARTING_PREP]
2018-03-03 22:22:58,111 |ocalhost-startStop-1 |LifecycleBase                 |F| Setting state for [org.apache.catalina.webresources.JarResourceSet@4881993d] to [STARTING]
2018-03-03 22:22:58,111 |ocalhost-startStop-1 |LifecycleBase                 |F| Setting state for [org.apache.catalina.webresources.JarResourceSet@4881993d] to [STARTED]
2018-03-03 22:22:58,111 |ocalhost-startStop-1 |LifecycleBase                 |F| Setting state for [org.apache.catalina.webresources.JarResourceSet@38a4730e] to [INITIALIZING]
2018-03-03 22:22:58,111 |ocalhost-startStop-1 |LifecycleBase                 |F| Setting state for [org.apache.catalina.webresources.JarResourceSet@38a4730e] to [INITIALIZED]
2018-03-03 22:22:58,111 |ocalhost-startStop-1 |LifecycleBase                 |F| Setting state for [org.apache.catalina.webresources.JarResourceSet@38a4730e] to [STARTING_PREP]
2018-03-03 22:22:58,111 |ocalhost-startStop-1 |LifecycleBase                 |F| Setting state for [org.apache.catalina.webresources.JarResourceSet@38a4730e] to [STARTING]
2018-03-03 22:22:58,111 |ocalhost-startStop-1 |LifecycleBase                 |F| Setting state for [org.apache.catalina.webresources.JarResourceSet@38a4730e] to [STARTED]
2018-03-03 22:22:58,111 |ocalhost-startStop-1 |LifecycleBase                 |F| Setting state for [org.apache.catalina.webresources.JarResourceSet@4733b6b1] to [INITIALIZING]
2018-03-03 22:22:58,112 |ocalhost-startStop-1 |LifecycleBase                 |F| Setting state for [org.apache.catalina.webresources.JarResourceSet@4733b6b1] to [INITIALIZED]
2018-03-03 22:22:58,112 |ocalhost-startStop-1 |LifecycleBase                 |F| Setting state for [org.apache.catalina.webresources.JarResourceSet@4733b6b1] to [STARTING_PREP]
2018-03-03 22:22:58,112 |ocalhost-startStop-1 |LifecycleBase                 |F| Setting state for [org.apache.catalina.webresources.JarResourceSet@4733b6b1] to [STARTING]
2018-03-03 22:22:58,112 |ocalhost-startStop-1 |LifecycleBase                 |F| Setting state for [org.apache.catalina.webresources.JarResourceSet@4733b6b1] to [STARTED]
2018-03-03 22:22:58,112 |ocalhost-startStop-1 |LifecycleBase                 |F| Setting state for [org.apache.catalina.webresources.JarResourceSet@1ddd34fe] to [INITIALIZING]
2018-03-03 22:22:58,112 |ocalhost-startStop-1 |LifecycleBase                 |F| Setting state for [org.apache.catalina.webresources.JarResourceSet@1ddd34fe] to [INITIALIZED]
2018-03-03 22:22:58,112 |ocalhost-startStop-1 |LifecycleBase                 |F| Setting state for [org.apache.catalina.webresources.JarResourceSet@1ddd34fe] to [STARTING_PREP]
2018-03-03 22:22:58,112 |ocalhost-startStop-1 |LifecycleBase                 |F| Setting state for [org.apache.catalina.webresources.JarResourceSet@1ddd34fe] to [STARTING]
2018-03-03 22:22:58,112 |ocalhost-startStop-1 |LifecycleBase                 |F| Setting state for [org.apache.catalina.webresources.JarResourceSet@1ddd34fe] to [STARTED]
2018-03-03 22:22:58,112 |ocalhost-startStop-1 |LifecycleBase                 |F| Setting state for [org.apache.catalina.webresources.JarResourceSet@1c873103] to [INITIALIZING]
2018-03-03 22:22:58,113 |ocalhost-startStop-1 |LifecycleBase                 |F| Setting state for [org.apache.catalina.webresources.JarResourceSet@1c873103] to [INITIALIZED]
2018-03-03 22:22:58,113 |ocalhost-startStop-1 |LifecycleBase                 |F| Setting state for [org.apache.catalina.webresources.JarResourceSet@1c873103] to [STARTING_PREP]
2018-03-03 22:22:58,113 |ocalhost-startStop-1 |LifecycleBase                 |F| Setting state for [org.apache.catalina.webresources.JarResourceSet@1c873103] to [STARTING]
2018-03-03 22:22:58,113 |ocalhost-startStop-1 |LifecycleBase                 |F| Setting state for [org.apache.catalina.webresources.JarResourceSet@1c873103] to [STARTED]
2018-03-03 22:22:58,113 |ocalhost-startStop-1 |LifecycleBase                 |F| Setting state for [org.apache.catalina.webresources.JarResourceSet@229a53bb] to [INITIALIZING]
2018-03-03 22:22:58,113 |ocalhost-startStop-1 |LifecycleBase                 |F| Setting state for [org.apache.catalina.webresources.JarResourceSet@229a53bb] to [INITIALIZED]
2018-03-03 22:22:58,113 |ocalhost-startStop-1 |LifecycleBase                 |F| Setting state for [org.apache.catalina.webresources.JarResourceSet@229a53bb] to [STARTING_PREP]
2018-03-03 22:22:58,114 |ocalhost-startStop-1 |LifecycleBase                 |F| Setting state for [org.apache.catalina.webresources.JarResourceSet@229a53bb] to [STARTING]
2018-03-03 22:22:58,114 |ocalhost-startStop-1 |LifecycleBase                 |F| Setting state for [org.apache.catalina.webresources.JarResourceSet@229a53bb] to [STARTED]
2018-03-03 22:22:58,114 |ocalhost-startStop-1 |LifecycleBase                 |F| Setting state for [org.apache.catalina.webresources.JarResourceSet@6d06b4c2] to [INITIALIZING]
2018-03-03 22:22:58,114 |ocalhost-startStop-1 |LifecycleBase                 |F| Setting state for [org.apache.catalina.webresources.JarResourceSet@6d06b4c2] to [INITIALIZED]
2018-03-03 22:22:58,114 |ocalhost-startStop-1 |LifecycleBase                 |F| Setting state for [org.apache.catalina.webresources.JarResourceSet@6d06b4c2] to [STARTING_PREP]
2018-03-03 22:22:58,114 |ocalhost-startStop-1 |LifecycleBase                 |F| Setting state for [org.apache.catalina.webresources.JarResourceSet@6d06b4c2] to [STARTING]
2018-03-03 22:22:58,114 |ocalhost-startStop-1 |LifecycleBase                 |F| Setting state for [org.apache.catalina.webresources.JarResourceSet@6d06b4c2] to [STARTED]
2018-03-03 22:22:58,114 |ocalhost-startStop-1 |LifecycleBase                 |F| Setting state for [org.apache.catalina.webresources.JarResourceSet@7818c9be] to [INITIALIZING]
2018-03-03 22:22:58,114 |ocalhost-startStop-1 |LifecycleBase                 |F| Setting state for [org.apache.catalina.webresources.JarResourceSet@7818c9be] to [INITIALIZED]
2018-03-03 22:22:58,114 |ocalhost-startStop-1 |LifecycleBase                 |F| Setting state for [org.apache.catalina.webresources.JarResourceSet@7818c9be] to [STARTING_PREP]
2018-03-03 22:22:58,114 |ocalhost-startStop-1 |LifecycleBase                 |F| Setting state for [org.apache.catalina.webresources.JarResourceSet@7818c9be] to [STARTING]
2018-03-03 22:22:58,114 |ocalhost-startStop-1 |LifecycleBase                 |F| Setting state for [org.apache.catalina.webresources.JarResourceSet@7818c9be] to [STARTED]
2018-03-03 22:22:58,114 |ocalhost-startStop-1 |LifecycleBase                 |F| Setting state for [org.apache.catalina.webresources.JarResourceSet@766caeeb] to [INITIALIZING]
2018-03-03 22:22:58,114 |ocalhost-startStop-1 |LifecycleBase                 |F| Setting state for [org.apache.catalina.webresources.JarResourceSet@766caeeb] to [INITIALIZED]
2018-03-03 22:22:58,115 |ocalhost-startStop-1 |LifecycleBase                 |F| Setting state for [org.apache.catalina.webresources.JarResourceSet@766caeeb] to [STARTING_PREP]
2018-03-03 22:22:58,115 |ocalhost-startStop-1 |LifecycleBase                 |F| Setting state for [org.apache.catalina.webresources.JarResourceSet@766caeeb] to [STARTING]
2018-03-03 22:22:58,115 |ocalhost-startStop-1 |LifecycleBase                 |F| Setting state for [org.apache.catalina.webresources.JarResourceSet@766caeeb] to [STARTED]
2018-03-03 22:22:58,115 |ocalhost-startStop-1 |LifecycleBase                 |F| Setting state for [org.apache.catalina.webresources.JarResourceSet@27f072b2] to [INITIALIZING]
2018-03-03 22:22:58,115 |ocalhost-startStop-1 |LifecycleBase                 |F| Setting state for [org.apache.catalina.webresources.JarResourceSet@27f072b2] to [INITIALIZED]
2018-03-03 22:22:58,115 |ocalhost-startStop-1 |LifecycleBase                 |F| Setting state for [org.apache.catalina.webresources.JarResourceSet@27f072b2] to [STARTING_PREP]
2018-03-03 22:22:58,115 |ocalhost-startStop-1 |LifecycleBase                 |F| Setting state for [org.apache.catalina.webresources.JarResourceSet@27f072b2] to [STARTING]
2018-03-03 22:22:58,115 |ocalhost-startStop-1 |LifecycleBase                 |F| Setting state for [org.apache.catalina.webresources.JarResourceSet@27f072b2] to [STARTED]
2018-03-03 22:22:58,115 |ocalhost-startStop-1 |LifecycleBase                 |F| Setting state for [org.apache.catalina.webresources.JarResourceSet@1527863f] to [INITIALIZING]
2018-03-03 22:22:58,116 |ocalhost-startStop-1 |LifecycleBase                 |F| Setting state for [org.apache.catalina.webresources.JarResourceSet@1527863f] to [INITIALIZED]
2018-03-03 22:22:58,116 |ocalhost-startStop-1 |LifecycleBase                 |F| Setting state for [org.apache.catalina.webresources.JarResourceSet@1527863f] to [STARTING_PREP]
2018-03-03 22:22:58,116 |ocalhost-startStop-1 |LifecycleBase                 |F| Setting state for [org.apache.catalina.webresources.JarResourceSet@1527863f] to [STARTING]
2018-03-03 22:22:58,116 |ocalhost-startStop-1 |LifecycleBase                 |F| Setting state for [org.apache.catalina.webresources.JarResourceSet@1527863f] to [STARTED]
2018-03-03 22:22:58,116 |ocalhost-startStop-1 |LifecycleBase                 |F| Setting state for [org.apache.catalina.webresources.JarResourceSet@66a2eedb] to [INITIALIZING]
2018-03-03 22:22:58,116 |ocalhost-startStop-1 |LifecycleBase                 |F| Setting state for [org.apache.catalina.webresources.JarResourceSet@66a2eedb] to [INITIALIZED]
2018-03-03 22:22:58,116 |ocalhost-startStop-1 |LifecycleBase                 |F| Setting state for [org.apache.catalina.webresources.JarResourceSet@66a2eedb] to [STARTING_PREP]
2018-03-03 22:22:58,116 |ocalhost-startStop-1 |LifecycleBase                 |F| Setting state for [org.apache.catalina.webresources.JarResourceSet@66a2eedb] to [STARTING]
2018-03-03 22:22:58,116 |ocalhost-startStop-1 |LifecycleBase                 |F| Setting state for [org.apache.catalina.webresources.JarResourceSet@66a2eedb] to [STARTED]
2018-03-03 22:22:58,116 |ocalhost-startStop-1 |LifecycleBase                 |F| Setting state for [org.apache.catalina.webresources.JarResourceSet@2e1524d8] to [INITIALIZING]
2018-03-03 22:22:58,117 |ocalhost-startStop-1 |LifecycleBase                 |F| Setting state for [org.apache.catalina.webresources.JarResourceSet@2e1524d8] to [INITIALIZED]
2018-03-03 22:22:58,117 |ocalhost-startStop-1 |LifecycleBase                 |F| Setting state for [org.apache.catalina.webresources.JarResourceSet@2e1524d8] to [STARTING_PREP]
2018-03-03 22:22:58,117 |ocalhost-startStop-1 |LifecycleBase                 |F| Setting state for [org.apache.catalina.webresources.JarResourceSet@2e1524d8] to [STARTING]
2018-03-03 22:22:58,117 |ocalhost-startStop-1 |LifecycleBase                 |F| Setting state for [org.apache.catalina.webresources.JarResourceSet@2e1524d8] to [STARTED]
2018-03-03 22:22:58,117 |ocalhost-startStop-1 |LifecycleBase                 |F| Setting state for [org.apache.catalina.webresources.JarResourceSet@1752cfcb] to [INITIALIZING]
2018-03-03 22:22:58,117 |ocalhost-startStop-1 |LifecycleBase                 |F| Setting state for [org.apache.catalina.webresources.JarResourceSet@1752cfcb] to [INITIALIZED]
2018-03-03 22:22:58,117 |ocalhost-startStop-1 |LifecycleBase                 |F| Setting state for [org.apache.catalina.webresources.JarResourceSet@1752cfcb] to [STARTING_PREP]
2018-03-03 22:22:58,117 |ocalhost-startStop-1 |LifecycleBase                 |F| Setting state for [org.apache.catalina.webresources.JarResourceSet@1752cfcb] to [STARTING]
2018-03-03 22:22:58,117 |ocalhost-startStop-1 |LifecycleBase                 |F| Setting state for [org.apache.catalina.webresources.JarResourceSet@1752cfcb] to [STARTED]
2018-03-03 22:22:58,117 |ocalhost-startStop-1 |LifecycleBase                 |F| Setting state for [org.apache.catalina.webresources.JarResourceSet@563eb1cf] to [INITIALIZING]
2018-03-03 22:22:58,118 |ocalhost-startStop-1 |LifecycleBase                 |F| Setting state for [org.apache.catalina.webresources.JarResourceSet@563eb1cf] to [INITIALIZED]
2018-03-03 22:22:58,118 |ocalhost-startStop-1 |LifecycleBase                 |F| Setting state for [org.apache.catalina.webresources.JarResourceSet@563eb1cf] to [STARTING_PREP]
2018-03-03 22:22:58,118 |ocalhost-startStop-1 |LifecycleBase                 |F| Setting state for [org.apache.catalina.webresources.JarResourceSet@563eb1cf] to [STARTING]
2018-03-03 22:22:58,118 |ocalhost-startStop-1 |LifecycleBase                 |F| Setting state for [org.apache.catalina.webresources.JarResourceSet@563eb1cf] to [STARTED]
2018-03-03 22:22:58,118 |ocalhost-startStop-1 |LifecycleBase                 |F| Setting state for [org.apache.catalina.webresources.JarResourceSet@3c3a8010] to [INITIALIZING]
2018-03-03 22:22:58,118 |ocalhost-startStop-1 |LifecycleBase                 |F| Setting state for [org.apache.catalina.webresources.JarResourceSet@3c3a8010] to [INITIALIZED]
2018-03-03 22:22:58,118 |ocalhost-startStop-1 |LifecycleBase                 |F| Setting state for [org.apache.catalina.webresources.JarResourceSet@3c3a8010] to [STARTING_PREP]
2018-03-03 22:22:58,118 |ocalhost-startStop-1 |LifecycleBase                 |F| Setting state for [org.apache.catalina.webresources.JarResourceSet@3c3a8010] to [STARTING]
2018-03-03 22:22:58,118 |ocalhost-startStop-1 |LifecycleBase                 |F| Setting state for [org.apache.catalina.webresources.JarResourceSet@3c3a8010] to [STARTED]
2018-03-03 22:22:58,119 |ocalhost-startStop-1 |LifecycleBase                 |F| Setting state for [org.apache.catalina.webresources.JarResourceSet@ddd27c1] to [INITIALIZING]
2018-03-03 22:22:58,119 |ocalhost-startStop-1 |LifecycleBase                 |F| Setting state for [org.apache.catalina.webresources.JarResourceSet@ddd27c1] to [INITIALIZED]
2018-03-03 22:22:58,119 |ocalhost-startStop-1 |LifecycleBase                 |F| Setting state for [org.apache.catalina.webresources.JarResourceSet@ddd27c1] to [STARTING_PREP]
2018-03-03 22:22:58,119 |ocalhost-startStop-1 |LifecycleBase                 |F| Setting state for [org.apache.catalina.webresources.JarResourceSet@ddd27c1] to [STARTING]
2018-03-03 22:22:58,119 |ocalhost-startStop-1 |LifecycleBase                 |F| Setting state for [org.apache.catalina.webresources.JarResourceSet@ddd27c1] to [STARTED]
2018-03-03 22:22:58,119 |ocalhost-startStop-1 |LifecycleBase                 |F| Setting state for [org.apache.catalina.webresources.JarResourceSet@5b7f62d0] to [INITIALIZING]
2018-03-03 22:22:58,119 |ocalhost-startStop-1 |LifecycleBase                 |F| Setting state for [org.apache.catalina.webresources.JarResourceSet@5b7f62d0] to [INITIALIZED]
2018-03-03 22:22:58,119 |ocalhost-startStop-1 |LifecycleBase                 |F| Setting state for [org.apache.catalina.webresources.JarResourceSet@5b7f62d0] to [STARTING_PREP]
2018-03-03 22:22:58,119 |ocalhost-startStop-1 |LifecycleBase                 |F| Setting state for [org.apache.catalina.webresources.JarResourceSet@5b7f62d0] to [STARTING]
2018-03-03 22:22:58,119 |ocalhost-startStop-1 |LifecycleBase                 |F| Setting state for [org.apache.catalina.webresources.JarResourceSet@5b7f62d0] to [STARTED]
2018-03-03 22:22:58,119 |ocalhost-startStop-1 |LifecycleBase                 |F| Setting state for [org.apache.catalina.webresources.JarResourceSet@272863e] to [INITIALIZING]
2018-03-03 22:22:58,120 |ocalhost-startStop-1 |LifecycleBase                 |F| Setting state for [org.apache.catalina.webresources.JarResourceSet@272863e] to [INITIALIZED]
2018-03-03 22:22:58,120 |ocalhost-startStop-1 |LifecycleBase                 |F| Setting state for [org.apache.catalina.webresources.JarResourceSet@272863e] to [STARTING_PREP]
2018-03-03 22:22:58,120 |ocalhost-startStop-1 |LifecycleBase                 |F| Setting state for [org.apache.catalina.webresources.JarResourceSet@272863e] to [STARTING]
2018-03-03 22:22:58,120 |ocalhost-startStop-1 |LifecycleBase                 |F| Setting state for [org.apache.catalina.webresources.JarResourceSet@272863e] to [STARTED]
2018-03-03 22:22:58,120 |ocalhost-startStop-1 |LifecycleBase                 |F| Setting state for [org.apache.catalina.webresources.JarResourceSet@32643231] to [INITIALIZING]
2018-03-03 22:22:58,120 |ocalhost-startStop-1 |LifecycleBase                 |F| Setting state for [org.apache.catalina.webresources.JarResourceSet@32643231] to [INITIALIZED]
2018-03-03 22:22:58,121 |ocalhost-startStop-1 |LifecycleBase                 |F| Setting state for [org.apache.catalina.webresources.JarResourceSet@32643231] to [STARTING_PREP]
2018-03-03 22:22:58,121 |ocalhost-startStop-1 |LifecycleBase                 |F| Setting state for [org.apache.catalina.webresources.JarResourceSet@32643231] to [STARTING]
2018-03-03 22:22:58,121 |ocalhost-startStop-1 |LifecycleBase                 |F| Setting state for [org.apache.catalina.webresources.JarResourceSet@32643231] to [STARTED]
2018-03-03 22:22:58,121 |ocalhost-startStop-1 |LifecycleBase                 |F| Setting state for [org.apache.catalina.webresources.JarResourceSet@1df95c78] to [INITIALIZING]
2018-03-03 22:22:58,122 |ocalhost-startStop-1 |LifecycleBase                 |F| Setting state for [org.apache.catalina.webresources.JarResourceSet@1df95c78] to [INITIALIZED]
2018-03-03 22:22:58,122 |ocalhost-startStop-1 |LifecycleBase                 |F| Setting state for [org.apache.catalina.webresources.JarResourceSet@1df95c78] to [STARTING_PREP]
2018-03-03 22:22:58,122 |ocalhost-startStop-1 |LifecycleBase                 |F| Setting state for [org.apache.catalina.webresources.JarResourceSet@1df95c78] to [STARTING]
2018-03-03 22:22:58,122 |ocalhost-startStop-1 |LifecycleBase                 |F| Setting state for [org.apache.catalina.webresources.JarResourceSet@1df95c78] to [STARTED]
2018-03-03 22:22:58,122 |ocalhost-startStop-1 |LifecycleBase                 |F| Setting state for [org.apache.catalina.webresources.JarResourceSet@2a566897] to [INITIALIZING]
2018-03-03 22:22:58,123 |ocalhost-startStop-1 |LifecycleBase                 |F| Setting state for [org.apache.catalina.webresources.JarResourceSet@2a566897] to [INITIALIZED]
2018-03-03 22:22:58,123 |ocalhost-startStop-1 |LifecycleBase                 |F| Setting state for [org.apache.catalina.webresources.JarResourceSet@2a566897] to [STARTING_PREP]
2018-03-03 22:22:58,123 |ocalhost-startStop-1 |LifecycleBase                 |F| Setting state for [org.apache.catalina.webresources.JarResourceSet@2a566897] to [STARTING]
2018-03-03 22:22:58,123 |ocalhost-startStop-1 |LifecycleBase                 |F| Setting state for [org.apache.catalina.webresources.JarResourceSet@2a566897] to [STARTED]
2018-03-03 22:22:58,123 |ocalhost-startStop-1 |LifecycleBase                 |F| Setting state for [org.apache.catalina.webresources.JarResourceSet@75858bc3] to [INITIALIZING]
2018-03-03 22:22:58,124 |ocalhost-startStop-1 |LifecycleBase                 |F| Setting state for [org.apache.catalina.webresources.JarResourceSet@75858bc3] to [INITIALIZED]
2018-03-03 22:22:58,124 |ocalhost-startStop-1 |LifecycleBase                 |F| Setting state for [org.apache.catalina.webresources.JarResourceSet@75858bc3] to [STARTING_PREP]
2018-03-03 22:22:58,124 |ocalhost-startStop-1 |LifecycleBase                 |F| Setting state for [org.apache.catalina.webresources.JarResourceSet@75858bc3] to [STARTING]
2018-03-03 22:22:58,124 |ocalhost-startStop-1 |LifecycleBase                 |F| Setting state for [org.apache.catalina.webresources.JarResourceSet@75858bc3] to [STARTED]
2018-03-03 22:22:58,124 |ocalhost-startStop-1 |LifecycleBase                 |F| Setting state for [org.apache.catalina.webresources.JarResourceSet@41dc36fd] to [INITIALIZING]
2018-03-03 22:22:58,124 |ocalhost-startStop-1 |LifecycleBase                 |F| Setting state for [org.apache.catalina.webresources.JarResourceSet@41dc36fd] to [INITIALIZED]
2018-03-03 22:22:58,124 |ocalhost-startStop-1 |LifecycleBase                 |F| Setting state for [org.apache.catalina.webresources.JarResourceSet@41dc36fd] to [STARTING_PREP]
2018-03-03 22:22:58,124 |ocalhost-startStop-1 |LifecycleBase                 |F| Setting state for [org.apache.catalina.webresources.JarResourceSet@41dc36fd] to [STARTING]
2018-03-03 22:22:58,124 |ocalhost-startStop-1 |LifecycleBase                 |F| Setting state for [org.apache.catalina.webresources.JarResourceSet@41dc36fd] to [STARTED]
2018-03-03 22:22:58,125 |ocalhost-startStop-1 |LifecycleBase                 |F| Setting state for [org.apache.catalina.webresources.JarResourceSet@39fbd57c] to [INITIALIZING]
2018-03-03 22:22:58,125 |ocalhost-startStop-1 |LifecycleBase                 |F| Setting state for [org.apache.catalina.webresources.JarResourceSet@39fbd57c] to [INITIALIZED]
2018-03-03 22:22:58,125 |ocalhost-startStop-1 |LifecycleBase                 |F| Setting state for [org.apache.catalina.webresources.JarResourceSet@39fbd57c] to [STARTING_PREP]
2018-03-03 22:22:58,125 |ocalhost-startStop-1 |LifecycleBase                 |F| Setting state for [org.apache.catalina.webresources.JarResourceSet@39fbd57c] to [STARTING]
2018-03-03 22:22:58,125 |ocalhost-startStop-1 |LifecycleBase                 |F| Setting state for [org.apache.catalina.webresources.JarResourceSet@39fbd57c] to [STARTED]
2018-03-03 22:22:58,125 |ocalhost-startStop-1 |LifecycleBase                 |F| Setting state for [org.apache.catalina.webresources.StandardRoot@b420fbd] to [STARTING]
2018-03-03 22:22:58,125 |ocalhost-startStop-1 |LifecycleBase                 |F| Setting state for [org.apache.catalina.webresources.StandardRoot@b420fbd] to [STARTED]
2018-03-03 22:22:58,191 |ocalhost-startStop-1 |ContainerBase                 |F| Processing standard container startup
2018-03-03 22:22:58,192 |ocalhost-startStop-1 |LifecycleBase                 |F| Setting state for [WebappLoader[/test]] to [INITIALIZING]
2018-03-03 22:22:58,192 |ocalhost-startStop-1 |LifecycleBase                 |F| Setting state for [WebappLoader[/test]] to [INITIALIZED]
2018-03-03 22:22:58,192 |ocalhost-startStop-1 |LifecycleBase                 |F| Setting state for [WebappLoader[/test]] to [STARTING_PREP]
2018-03-03 22:22:58,192 |ocalhost-startStop-1 |LifecycleBase                 |F| Starting this Loader
2018-03-03 22:22:58,239 |ocalhost-startStop-1 |LifecycleBase                 |F| Setting state for [WebappLoader[/test]] to [STARTING]
2018-03-03 22:22:58,239 |ocalhost-startStop-1 |LifecycleBase                 |F| Setting state for [WebappLoader[/test]] to [STARTED]
2018-03-03 22:22:58,240 |ocalhost-startStop-1 |LifecycleBase                 |F| Setting state for [Realm[JDBCRealm]] to [INITIALIZING]
2018-03-03 22:22:58,240 |ocalhost-startStop-1 |LifecycleBase                 |F| Setting state for [Realm[JDBCRealm]] to [INITIALIZED]
2018-03-03 22:22:58,240 |ocalhost-startStop-1 |LifecycleBase                 |F| Setting state for [Realm[JDBCRealm]] to [STARTING_PREP]
2018-03-03 22:22:58,604 |ocalhost-startStop-1 |LifecycleBase                 |F| Setting state for [Realm[JDBCRealm]] to [STARTING]
2018-03-03 22:22:58,604 |ocalhost-startStop-1 |LifecycleBase                 |F| Setting state for [Realm[JDBCRealm]] to [STARTED]
2018-03-03 22:22:58,605 |ocalhost-startStop-1 |ContextConfig                 |F| ContextConfig: Processing START
2018-03-03 22:22:58,605 |ocalhost-startStop-1 |ContextConfig                 |F| Context [/test] will parse web.xml and web-fragment.xml files with validation:false and namespaceAware:false
2018-03-03 22:22:58,614 |ocalhost-startStop-1 |WebXmlParser                  |F| Parsing application web.xml file at file:/project/tomcat-pro/output/build/conf/web.xml
